mktextfm LinLibertineT-tlf-t1+20
mktextfm LinLibertineT-tlf-t1-20
mktextfm LinLibertineT-tlf-sc-t1+20
mktextfm LinLibertineT-tlf-sc-t1-20
mktextfm LinLibertineT-tlf-t1+20
mktextfm LinLibertineT-tlf-t1-20
mktextfm LinBiolinumT-tlf-t1+20
mktextfm LinBiolinumT-tlf-t1-20
mktextfm LinLibertineT-tlf-ot1+20
mktextfm LinLibertineT-tlf-ot1-20
mktextfm LinLibertineTI-tlf-t1+20
mktextfm LinLibertineTI-tlf-t1-20
mktextfm LinLibertineT-tlf-t1+20
mktextfm LinLibertineT-tlf-t1-20
mktextfm LinLibertineT-tlf-sc-t1+20
mktextfm LinLibertineT-tlf-sc-t1-20
mktextfm LinLibertineT-tlf-t1+20
mktextfm LinLibertineT-tlf-t1-20
mktextfm LinBiolinumT-tlf-t1+20
mktextfm LinBiolinumT-tlf-t1-20
mktextfm LinLibertineT-tlf-ot1+20
mktextfm LinLibertineT-tlf-ot1-20
mktextfm LinLibertineTI-tlf-t1+20
mktextfm LinLibertineTI-tlf-t1-20
mktextfm LinLibertineT-tlf-t1+20
mktextfm LinLibertineT-tlf-t1-20
mktextfm LinLibertineT-tlf-t1+20
mktextfm LinLibertineT-tlf-t1-20
mktextfm LinLibertineT-tlf-sc-t1+20
mktextfm LinLibertineT-tlf-sc-t1-20
mktextfm LinLibertineT-tlf-t1+20
mktextfm LinLibertineT-tlf-t1-20
mktextfm LinBiolinumT-tlf-t1+20
mktextfm LinBiolinumT-tlf-t1-20
mktextfm LinLibertineT-tlf-ot1+20
mktextfm LinLibertineT-tlf-ot1-20
mktextfm LinLibertineTI-tlf-t1+20
mktextfm LinLibertineTI-tlf-t1-20
mktextfm LinLibertineT-tlf-t1+20
mktextfm LinLibertineT-tlf-t1-20
mktextfm LinLibertineT-tlf-t1+20
mktextfm LinLibertineT-tlf-t1-20
mktextfm LinLibertineT-tlf-sc-t1+20
mktextfm LinLibertineT-tlf-sc-t1-20
mktextfm LinLibertineT-tlf-t1+20
mktextfm LinLibertineT-tlf-t1-20
mktextfm LinBiolinumT-tlf-t1+20
mktextfm LinBiolinumT-tlf-t1-20
mktextfm LinLibertineT-tlf-ot1+20
mktextfm LinLibertineT-tlf-ot1-20
mktextfm LinLibertineTI-tlf-t1+20
mktextfm LinLibertineTI-tlf-t1-20
mktextfm LinLibertineT-tlf-t1+20
mktextfm LinLibertineT-tlf-t1-20
mktextfm LinLibertineT-tlf-t1+20
mktextfm LinLibertineT-tlf-t1-20
mktextfm LinLibertineT-tlf-sc-t1+20
mktextfm LinLibertineT-tlf-sc-t1-20
mktextfm LinLibertineT-tlf-t1+20
mktextfm LinLibertineT-tlf-t1-20
mktextfm LinBiolinumT-tlf-t1+20
mktextfm LinBiolinumT-tlf-t1-20
mktextfm LinLibertineT-tlf-ot1+20
mktextfm LinLibertineT-tlf-ot1-20
mktextfm LinLibertineTI-tlf-t1+20
mktextfm LinLibertineTI-tlf-t1-20
mktextfm LinLibertineT-tlf-t1+20
mktextfm LinLibertineT-tlf-t1-20
mktextfm LinLibertineT-tlf-sc-t1+20
mktextfm LinLibertineT-tlf-sc-t1-20
mktextfm LinLibertineT-tlf-t1+20
mktextfm LinLibertineT-tlf-t1-20
mktextfm LinBiolinumT-tlf-t1+20
mktextfm LinBiolinumT-tlf-t1-20
mktextfm LinLibertineT-tlf-ot1+20
mktextfm LinLibertineT-tlf-ot1-20
mktextfm LinLibertineTI-tlf-t1+20
mktextfm LinLibertineTI-tlf-t1-20
mktextfm LinLibertineT-tlf-t1+20
mktextfm LinLibertineT-tlf-t1-20
mktextfm LinLibertineT-tlf-sc-t1+20
mktextfm LinLibertineT-tlf-sc-t1-20
mktextfm LinLibertineT-tlf-t1+20
mktextfm LinLibertineT-tlf-t1-20
mktextfm LinBiolinumT-tlf-t1+20
mktextfm LinBiolinumT-tlf-t1-20
mktextfm LinLibertineT-tlf-ot1+20
mktextfm LinLibertineT-tlf-ot1-20
mktextfm LinLibertineTI-tlf-t1+20
mktextfm LinLibertineTI-tlf-t1-20
mktextfm LinLibertineT-tlf-t1+20
mktextfm LinLibertineT-tlf-t1-20
mktextfm LinLibertineT-tlf-sc-t1+20
mktextfm LinLibertineT-tlf-sc-t1-20
mktextfm LinLibertineT-tlf-t1+20
mktextfm LinLibertineT-tlf-t1-20
mktextfm LinBiolinumT-tlf-t1+20
mktextfm LinBiolinumT-tlf-t1-20
mktextfm LinLibertineT-tlf-ot1+20
mktextfm LinLibertineT-tlf-ot1-20
mktextfm LinLibertineTI-tlf-t1+20
mktextfm LinLibertineTI-tlf-t1-20
mktextfm LinLibertineT-tlf-t1+20
mktextfm LinLibertineT-tlf-t1-20
mktextfm LinLibertineT-tlf-sc-t1+20
mktextfm LinLibertineT-tlf-sc-t1-20
mktextfm LinLibertineT-tlf-t1+20
mktextfm LinLibertineT-tlf-t1-20
mktextfm LinBiolinumT-tlf-t1+20
mktextfm LinBiolinumT-tlf-t1-20
mktextfm LinLibertineT-tlf-ot1+20
mktextfm LinLibertineT-tlf-ot1-20
mktextfm LinLibertineTI-tlf-t1+20
mktextfm LinLibertineTI-tlf-t1-20
mktextfm LinLibertineT-tlf-t1+20
mktextfm LinLibertineT-tlf-t1-20
mktextfm LinLibertineT-tlf-sc-t1+20
mktextfm LinLibertineT-tlf-sc-t1-20
mktextfm LinLibertineT-tlf-t1+20
mktextfm LinLibertineT-tlf-t1-20
mktextfm LinBiolinumT-tlf-t1+20
mktextfm LinBiolinumT-tlf-t1-20
mktextfm LinLibertineT-tlf-ot1+20
mktextfm LinLibertineT-tlf-ot1-20
mktextfm LinLibertineTI-tlf-t1+20
mktextfm LinLibertineTI-tlf-t1-20
mktextfm LinLibertineT-tlf-t1+20
mktextfm LinLibertineT-tlf-t1-20
mktextfm LinLibertineT-tlf-sc-t1+20
mktextfm LinLibertineT-tlf-sc-t1-20
mktextfm LinLibertineT-tlf-t1+20
mktextfm LinLibertineT-tlf-t1-20
mktextfm LinBiolinumT-tlf-t1+20
mktextfm LinBiolinumT-tlf-t1-20
mktextfm LinLibertineT-tlf-ot1+20
mktextfm LinLibertineT-tlf-ot1-20
mktextfm LinLibertineTI-tlf-t1+20
mktextfm LinLibertineTI-tlf-t1-20
mktextfm LinLibertineT-tlf-t1+20
mktextfm LinLibertineT-tlf-t1-20
mktextfm LinLibertineT-tlf-sc-t1+20
mktextfm LinLibertineT-tlf-sc-t1-20
mktextfm LinLibertineT-tlf-t1+20
mktextfm LinLibertineT-tlf-t1-20
mktextfm LinBiolinumT-tlf-t1+20
mktextfm LinBiolinumT-tlf-t1-20
mktextfm LinLibertineT-tlf-ot1+20
mktextfm LinLibertineT-tlf-ot1-20
mktextfm LinLibertineTI-tlf-t1+20
mktextfm LinLibertineTI-tlf-t1-20
mktextfm LinLibertineT-tlf-t1+20
mktextfm LinLibertineT-tlf-t1-20
mktextfm LinLibertineT-tlf-sc-t1+20
mktextfm LinLibertineT-tlf-sc-t1-20
mktextfm LinLibertineT-tlf-t1+20
mktextfm LinLibertineT-tlf-t1-20
mktextfm LinBiolinumT-tlf-t1+20
mktextfm LinBiolinumT-tlf-t1-20
mktextfm LinLibertineT-tlf-ot1+20
mktextfm LinLibertineT-tlf-ot1-20
mktextfm LinLibertineTI-tlf-t1+20
mktextfm LinLibertineTI-tlf-t1-20
mktextfm LinLibertineT-tlf-t1+20
mktextfm LinLibertineT-tlf-t1-20
mktextfm LinLibertineT-tlf-sc-t1+20
mktextfm LinLibertineT-tlf-sc-t1-20
mktextfm LinLibertineT-tlf-t1+20
mktextfm LinLibertineT-tlf-t1-20
mktextfm LinBiolinumT-tlf-t1+20
mktextfm LinBiolinumT-tlf-t1-20
mktextfm LinLibertineT-tlf-ot1+20
mktextfm LinLibertineT-tlf-ot1-20
mktextfm LinLibertineTI-tlf-t1+20
mktextfm LinLibertineTI-tlf-t1-20
mktextfm LinLibertineT-tlf-t1+20
mktextfm LinLibertineT-tlf-t1-20
mktextfm LinLibertineT-tlf-sc-t1+20
mktextfm LinLibertineT-tlf-sc-t1-20
mktextfm LinLibertineT-tlf-t1+20
mktextfm LinLibertineT-tlf-t1-20
mktextfm LinBiolinumT-tlf-t1+20
mktextfm LinBiolinumT-tlf-t1-20
mktextfm LinLibertineT-tlf-ot1+20
mktextfm LinLibertineT-tlf-ot1-20
mktextfm LinLibertineTI-tlf-t1+20
mktextfm LinLibertineTI-tlf-t1-20
